[INFO] Console - predicting pockets for proteins from dataset [6zsl.cif]
[ERROR] Futils - Error writing to file [./pockets/params.txt]:.\pockets\params.txt (Accès refusé)
java.io.FileNotFoundException: .\pockets\params.txt (Accès refusé)
	at java.io.FileOutputStream.open0(Native Method) ~[?:?]
	at java.io.FileOutputStream.open(FileOutputStream.java:295) ~[?:?]
	at java.io.FileOutputStream.<init>(FileOutputStream.java:236) ~[?:?]
	at java.io.FileOutputStream.<init>(FileOutputStream.java:185) ~[?:?]
	at org.codehaus.groovy.runtime.ResourceGroovyMethods.write(ResourceGroovyMethods.java:893) ~[groovy-4.0.16.jar:4.0.16]
	at org.codehaus.groovy.runtime.ResourceGroovyMethods.write(ResourceGroovyMethods.java:783) ~[groovy-4.0.16.jar:4.0.16]
	at org.codehaus.groovy.runtime.ResourceGroovyMethods.write(ResourceGroovyMethods.java:767) ~[groovy-4.0.16.jar:4.0.16]
	at cz.siret.prank.utils.Futils.writeFile(Futils.groovy:393) [p2rank.jar:?]
	at cz.siret.prank.program.routines.Routine.writeParams(Routine.groovy:45) [p2rank.jar:?]
	at cz.siret.prank.program.routines.predict.PredictPocketsRoutine.execute(PredictPocketsRoutine.groovy:63) [p2rank.jar:?]
	at org.codehaus.groovy.vmplugin.v8.IndyInterface.fromCache(IndyInterface.java:321) [groovy-4.0.16.jar:4.0.16]
	at cz.siret.prank.program.Main.doRunPredict(Main.groovy:259) [p2rank.jar:?]
	at cz.siret.prank.program.Main.runPredict(Main.groovy:277) [p2rank.jar:?]
	at cz.siret.prank.program.Main.run(Main.groovy:387) [p2rank.jar:?]
	at cz.siret.prank.program.Main.main(Main.groovy:463) [p2rank.jar:?]
[INFO] PredictPocketsRoutine - outdir: ./pockets
[INFO] FeatureSetup - enabledFeatures: [chem, volsite, protrusion, bfactor, atom_table]
[INFO] Dataset - processing dataset [6zsl.cif] using 0 threads
[INFO] Dataset - 
------------------------------------------------------------------------------------------------------------------------
processing [6zsl.cif] (1/1)
------------------------------------------------------------------------------------------------------------------------

[INFO] Console - processing [6zsl.cif] (1/1)
[INFO] Protein - loading protein [c:\Users\LALIN\Desktop\M2\S1\meetu_\Meet-U-2023-2024\2023-2024_Team4-SU\NSP13\6zsl.cif]
[INFO] PdbUtils - loading file [./NSP13/6zsl.cif]
[INFO] Struct - groups in chain B: 585
[INFO] Struct - groups in chain A: 572
[INFO] Struct - groups in chain B: 585
[INFO] Struct - 585 groups in chain B
[INFO] Struct - groups in chain A: 572
[INFO] Struct - 572 groups in chain A
[INFO] Protein - structure atoms: 9399
[INFO] Protein - protein   atoms: 8757
[INFO] Protein - ignoring ligands
[INFO] FeatureSetup - enabledFeatures: [chem, volsite, protrusion, bfactor, atom_table]
[INFO] Protein - SAS points: 15393
[INFO] Protein - exposed protein atoms: 5387 of 8757
[INFO] InstancePredictor - Creating WekaInstancePredictor
[INFO] SLinkClusterer - clustering [205] elements
[INFO] SLinkClusterer - clusters: [id:1( 2 ), id:5( 1 ), id:7( 5 ), id:8( 1 ), id:9( 1 ), id:14( 7 ), id:23( 1 ), id:24( 1 ), id:28( 7 ), id:29( 1 ), id:51( 3 ), id:56( 31 ), id:58( 4 ), id:71( 2 ), id:73( 4 ), id:84( 22 ), id:100( 2 ), id:107( 6 ), id:110( 9 ), id:115( 3 ), id:116( 1 ), id:118( 2 ), id:119( 1 ), id:124( 1 ), id:149( 46 ), id:150( 2 ), id:151( 1 ), id:163( 6 ), id:165( 2 ), id:172( 8 ), id:173( 2 ), id:200( 20 )]
[INFO] SLinkClusterer - clusters together: 205 / 205
[INFO] PocketPredictor - PREDICTING POCKETS.... ====================================
[INFO] PocketPredictor - SAS POINTS: 15393
[INFO] PocketPredictor - LIGANDABLE POINTS: 205
[INFO] PocketPredictor - CLUSTERS: 32
[INFO] PocketPredictor - FILTERED CLUSTERS: 15
[INFO] PocketPredictor - pocket 1 -  surf_atoms:  54   points:  46   score:   16.8
[INFO] PocketPredictor - pocket 2 -  surf_atoms:  38   points:  31   score:   12.9
[INFO] PocketPredictor - pocket 3 -  surf_atoms:  45   points:  22   score:    6.9
[INFO] PocketPredictor - pocket 4 -  surf_atoms:  29   points:  20   score:    5.5
[INFO] PocketPredictor - pocket 5 -  surf_atoms:  29   points:   8   score:    3.0
[INFO] PocketPredictor - pocket 6 -  surf_atoms:  31   points:   7   score:    3.0
[INFO] PocketPredictor - pocket 7 -  surf_atoms:  24   points:   9   score:    2.7
[INFO] PocketPredictor - pocket 8 -  surf_atoms:  22   points:   6   score:    2.5
[INFO] PocketPredictor - pocket 9 -  surf_atoms:  18   points:   7   score:    2.5
[INFO] PocketPredictor - pocket10 -  surf_atoms:  19   points:   6   score:    1.7
[INFO] PocketPredictor - pocket11 -  surf_atoms:  21   points:   3   score:    1.7
[INFO] PocketPredictor - pocket12 -  surf_atoms:  14   points:   5   score:    1.6
[INFO] PocketPredictor - pocket13 -  surf_atoms:  19   points:   4   score:    1.5
[INFO] PocketPredictor - pocket14 -  surf_atoms:  13   points:   3   score:    1.1
[INFO] PocketPredictor - pocket15 -  surf_atoms:   9   points:   4   score:    0.9
[INFO] OldPymolRenderer - copying [c:\Users\LALIN\Desktop\M2\S1\meetu_\Meet-U-2023-2024\2023-2024_Team4-SU\NSP13\6zsl.cif] to [./pockets/visualizations/data/6zsl.cif]
[ERROR] Dataset - error processing dataset item [6zsl.cif]
java.io.FileNotFoundException: .\pockets\visualizations\data\6zsl.cif (Accès refusé)
	at java.io.FileOutputStream.open0(Native Method) ~[?:?]
	at java.io.FileOutputStream.open(FileOutputStream.java:295) ~[?:?]
	at java.io.FileOutputStream.<init>(FileOutputStream.java:236) ~[?:?]
	at com.google.common.io.Files$FileByteSink.openStream(Files.java:197) ~[guava-32.1.3-jre.jar:?]
	at com.google.common.io.Files$FileByteSink.openStream(Files.java:185) ~[guava-32.1.3-jre.jar:?]
	at com.google.common.io.ByteSource.copyTo(ByteSource.java:279) ~[guava-32.1.3-jre.jar:?]
	at com.google.common.io.Files.copy(Files.java:328) ~[guava-32.1.3-jre.jar:?]
	at cz.siret.prank.utils.Futils.copy(Futils.groovy:472) ~[p2rank.jar:?]
	at cz.siret.prank.program.rendering.OldPymolRenderer.render(OldPymolRenderer.groovy:60) ~[p2rank.jar:?]
	at cz.siret.prank.program.routines.predict.PredictPocketsRoutine$_execute_closure1.doCall(PredictPocketsRoutine.groovy:100) ~[p2rank.jar:?]
	at jdk.internal.reflect.DirectMethodHandleAccessor.invoke(DirectMethodHandleAccessor.java:104) ~[?:?]
	at java.lang.reflect.Method.invoke(Method.java:578) ~[?:?]
	at org.codehaus.groovy.reflection.CachedMethod.invoke(CachedMethod.java:343) ~[groovy-4.0.16.jar:4.0.16]
	at groovy.lang.MetaMethod.doMethodInvoke(MetaMethod.java:328) ~[groovy-4.0.16.jar:4.0.16]
	at org.codehaus.groovy.runtime.metaclass.ClosureMetaClass.invokeMethod(ClosureMetaClass.java:279) ~[groovy-4.0.16.jar:4.0.16]
	at groovy.lang.MetaClassImpl.invokeMethod(MetaClassImpl.java:1008) ~[groovy-4.0.16.jar:4.0.16]
	at groovy.lang.Closure.call(Closure.java:433) ~[groovy-4.0.16.jar:4.0.16]
	at groovy.lang.Closure.call(Closure.java:422) ~[groovy-4.0.16.jar:4.0.16]
	at cz.siret.prank.domain.Dataset$1.processItem(Dataset.groovy:145) ~[p2rank.jar:?]
	at cz.siret.prank.domain.Dataset.processssItem(Dataset.groovy:228) ~[p2rank.jar:?]
	at cz.siret.prank.domain.Dataset.access$0(Dataset.groovy) ~[p2rank.jar:?]
	at cz.siret.prank.domain.Dataset$2.call(Dataset.groovy:192) ~[p2rank.jar:?]
	at java.util.concurrent.FutureTask.run(FutureTask.java:317) ~[?:?]
	at java.util.concurrent.ThreadPoolExecutor.runWorker(ThreadPoolExecutor.java:1144) ~[?:?]
	at java.util.concurrent.ThreadPoolExecutor$Worker.run(ThreadPoolExecutor.java:642) ~[?:?]
	at java.lang.Thread.run(Thread.java:1623) [?:?]
[INFO] Console - predicting pockets finished in 0 hours 0 minutes 48.333 seconds
[INFO] Console - results saved to directory [c:\Users\LALIN\Desktop\M2\S1\meetu_\Meet-U-2023-2024\2023-2024_Team4-SU\pockets]
[INFO] Console - ERROR on processing 1 file(s):
[INFO] Console -     [6zsl.cif]
[INFO] Console - 
[INFO] Console - Finished with ERROR in 0 hours 0 minutes 53.498 seconds.
